
======================== REQUEST =========================
Requested URL: https://webdav.yandex.ru/
AUthorization: OAuth a5440d53fc2b48cabed55b6c2819bcc0
Depth: 0
BODY:
<propfind xmlns="DAV:"> <prop> <quota-available-bytes/> <quota-used-bytes/> </prop> </propfind>
==========================================================

======================= RESPONSE =========================
Status code: 207
Yandex-Cloud-Request-ID: dav-PRbH_3I1_16W-1-webdav5o
Server: MochiWeb/1.0
Keep-Alive: timeout=300
Date: Fri, 31 Jul 2015 15:10:27 GMT
Content-Type: application/xml; charset="utf-8"
Content-Length: 313
BODY:
<?xml version="1.0" encoding="utf-8"?><d:multistatus xmlns:d="DAV:"><d:response><d:href>/</d:href><d:propstat><d:status>HTTP/1.1 200 OK</d:status><d:prop><d:quota-used-bytes>30394</d:quota-used-bytes><d:quota-available-bytes>10737387846</d:quota-available-bytes></d:prop></d:propstat></d:response></d:multistatus>
==========================================================

======================== REQUEST =========================
Requested URL: https://webdav.yandex.ru/
AUthorization: OAuth a5440d53fc2b48cabed55b6c2819bcc0
Depth: 0
BODY:
<propfind xmlns="DAV:"> <prop> <quota-available-bytes/> <quota-used-bytes/> </prop> </propfind>
==========================================================

======================= RESPONSE =========================
Status code: 207
Yandex-Cloud-Request-ID: dav-PRbH_3I4_DX7-1-webdav5o
Server: MochiWeb/1.0
Keep-Alive: timeout=300
Date: Fri, 31 Jul 2015 15:12:36 GMT
Content-Type: application/xml; charset="utf-8"
Content-Length: 313
BODY:
<?xml version="1.0" encoding="utf-8"?><d:multistatus xmlns:d="DAV:"><d:response><d:href>/</d:href><d:propstat><d:status>HTTP/1.1 200 OK</d:status><d:prop><d:quota-used-bytes>30394</d:quota-used-bytes><d:quota-available-bytes>10737387846</d:quota-available-bytes></d:prop></d:propstat></d:response></d:multistatus>
==========================================================
